<?xml version="1.0" encoding="UTF-8"?>
<!-- Generated by org.testng.reporters.JUnitXMLReporter -->
<testsuite ignored="0" hostname="DESKTOP-75RQCON" failures="0" tests="15" name="Test" time="393.431" errors="0" timestamp="2022-07-04T18:16:46 IST">
  <testcase classname="testjava.DashboardPageTest" name="verifyDashBoardTest" time="68.671"/>
  <testcase classname="testjava.DashboardPageTest" name="verifyJapanese" time="55.892"/>
  <testcase classname="testjava.DashboardPageTest" name="verifyHasBroProduct" time="44.779"/>
  <testcase classname="testjava.DashboardPageTest" name="verifyExclusivesProduct" time="42.922"/>
  <testcase classname="testjava.DashboardPageTest" name="verifySaleProduct" time="40.731"/>
  <testcase classname="testjava.DashboardPageTest" name="verifyCheckOut" time="4.469"/>
  <testcase classname="testjava.DashboardPageTest" name="verifychooseShippingOption" time="12.173"/>
  <testcase classname="testjava.DashboardPageTest" name="verifyPaymentOption" time="6.598"/>
  <testcase classname="testjava.DashboardPageTest" name="verifyOrder" time="4.226"/>
  <testcase classname="testjava.DashboardPageTest" name="verifyingShipngAddress" time="28.262"/>
  <testcase classname="testjava.DashboardPageTest" name="verifyProductSelection" time="11.475"/>
  <testcase classname="testjava.DashboardPageTest" name="verifyingPlaceOder" time="17.532"/>
  <testcase classname="testjava.DashboardPageTest" name="verifyOrderDetails" time="2.703"/>
  <testcase classname="testjava.DashboardPageTest" name="verifyproductSelection" time="48.313"/>
  <testcase classname="testjava.DashboardPageTest" name="logout" time="4.291"/>
</testsuite> <!-- Test -->
